<?xml version="1.0" encoding="UTF-8"?><testsuite errors="0" failures="1" name="login in sharsharp page and create a new business unit and afer this create a new meeting" skipped="0" tests="1" time="16.31" timestamp="2022-12-01 03:58:24"><testcase name="login in sharsharp page and create a new business unit and afer this create a new meeting"><failure message="Expected enabled element was not enabled" type="net.thucydides.core.webdriver.exceptions.ElementShouldBeEnabledException">Expected enabled element was not enabled</failure><system-err>Expected enabled element was not enabled&#13;
co.com.choucair.certification.proyectobase.tasks.Login.performAs(Login.java:31)&#13;
co.com.choucair.certification.proyectobase.stepdefinitions.Starsharpstepdefinitions.heEnterAnClicInMenusAndCreateANewBusinessUnitAfterCreateANewMeeting(Starsharpstepdefinitions.java:28)&#13;
cucumber.runner.Runner.runPickle(Runner.java:80)&#13;
worker.org.gradle.process.internal.worker.GradleWorkerMain.run(GradleWorkerMain.java:69)&#13;
worker.org.gradle.process.internal.worker.GradleWorkerMain.main(GradleWorkerMain.java:74)&#13;
</system-err></testcase></testsuite>