<?xml version="1.0" encoding="UTF-8"?><testsuite errors="1" failures="0" name="Validate the creation of the business unit and new meeting as StarSharp admin" skipped="0" tests="1" time="8.05" timestamp="2022-12-01 10:42:27"><testcase name="Validate the creation of a meeting with a business unit"><error message="Arity mismatch: Step Definition 'co.com.choucair.certification.proyectobase.stepdefinitions.Starsharpstepdefinitions.i_create_a_Business_Unit_and_a_meeting() in file:/C:/Users/Willy-PC/IdeaProjects/co.com.choucair.certification.proyectobaseweb/build/classes/java/test/' with pattern [^I create a Business Unit and a meeting$] is declared with 0 parameters. However, the gherkin step has 1 arguments [Table:[[Choucair1, Marketing » Editor Team, Contextualizacion de negocio, Strategy, 10, 09/20/2022, 10:00, 09/20/2022, 11:00, On Site, Marketing, Charles Davis, Alexis Lopez, Dylan Smith, Guest, Not Set]]]. &#10;Step text: I create a Business Unit and a meeting" type="cucumber.runtime.CucumberException">Arity mismatch: Step Definition 'co.com.choucair.certification.proyectobase.stepdefinitions.Starsharpstepdefinitions.i_create_a_Business_Unit_and_a_meeting() in file:/C:/Users/Willy-PC/IdeaProjects/co.com.choucair.certification.proyectobaseweb/build/classes/java/test/' with pattern [^I create a Business Unit and a meeting$] is declared with 0 parameters. However, the gherkin step has 1 arguments [Table:[[Choucair1, Marketing » Editor Team, Contextualizacion de negocio, Strategy, 10, 09/20/2022, 10:00, 09/20/2022, 11:00, On Site, Marketing, Charles Davis, Alexis Lopez, Dylan Smith, Guest, Not Set]]]. 
Step text: I create a Business Unit and a meeting</error><system-err>Arity mismatch: Step Definition 'co.com.choucair.certification.proyectobase.stepdefinitions.Starsharpstepdefinitions.i_create_a_Business_Unit_and_a_meeting() in file:/C:/Users/Willy-PC/IdeaProjects/co.com.choucair.certification.proyectobaseweb/build/classes/java/test/' with pattern [^I create a Business Unit and a meeting$] is declared with 0 parameters. However, the gherkin step has 1 arguments [Table:[[Choucair1, Marketing » Editor Team, Contextualizacion de negocio, Strategy, 10, 09/20/2022, 10:00, 09/20/2022, 11:00, On Site, Marketing, Charles Davis, Alexis Lopez, Dylan Smith, Guest, Not Set]]]. 
Step text: I create a Business Unit and a meeting&#13;
cucumber.runner.Runner.runPickle(Runner.java:80)&#13;
worker.org.gradle.process.internal.worker.GradleWorkerMain.run(GradleWorkerMain.java:69)&#13;
worker.org.gradle.process.internal.worker.GradleWorkerMain.main(GradleWorkerMain.java:74)&#13;
</system-err></testcase></testsuite>